0:100  0:100  MemLog inited, TSC freq: 2304038700
0:100  0:000  CPU was calibrated without ACPI PM Timer: ACPI I/O space is not enabled., use RTC
0:100  0:000  
0:100  0:000  Now is 14.10.2017,  13:16:56 (GMT)
0:100  0:000  Starting Clover revision: 4243 on Phoenix Technologies Ltd. EFI
0:100  0:000  Build with: [Args: -D NO_GRUB_DRIVERS_EMBEDDED | -D NO_GRUB_DRIVERS_EMBEDDED -D USE_LOW_EBDA -a X64 -b RELEASE -t XCODE5 -n 5 | OS: 10.12.6 | XCODE: 9.0]
0:100  0:000  SelfDevicePath=PciRoot(0x0)\Pci(0x17,0x0)\Sata(0x0,0x0,0x0)\HD(1,GPT,6EA0A160-CBF9-4FB5-8DF2-1087918A09BC,0x30,0x88FD0) @921BB698
0:100  0:000  SelfDirPath = \EFI\CLOVER
0:100  0:000  === [ Get Smbios ] ========================================
0:100  0:000  Type 16 Index = 0
0:100  0:000  Total Memory Slots Count = 2
0:100  0:000  Type 17 Index = 0
0:100  0:000  SmbiosTable.Type17->Speed = 2133MHz
0:100  0:000  SmbiosTable.Type17->Size = 4096MB
0:100  0:000  SmbiosTable.Type17->Bank/Device = BANK 0 ChannelA-DIMM0
0:100  0:000  SmbiosTable.Type17->Vendor = SK Hynix
0:100  0:000  SmbiosTable.Type17->SerialNumber = 37462091
0:100  0:000  SmbiosTable.Type17->PartNumber = HMA451S6AFR8N-TF    
0:100  0:000  Type 17 Index = 1
0:100  0:000  Ignoring insane frequency value 0MHz
0:100  0:000  SmbiosTable.Type17->Speed = 0MHz
0:100  0:000  SmbiosTable.Type17->Size = 0MB
0:100  0:000  SmbiosTable.Type17->Bank/Device = BANK 1 ChannelA-DIMM1
0:100  0:000  SmbiosTable.Type17->Vendor = <null string>
0:100  0:000  SmbiosTable.Type17->SerialNumber = <null string>
0:100  0:000  SmbiosTable.Type17->PartNumber = <null string>
0:100  0:000  Boot status=0
0:100  0:000  Running on: '80SH' with board 'Lenovo XiaoXin 700-15ISK'
0:100  0:000  === [ GetCPUProperties ] ==================================
0:100  0:000  CPU Vendor = 756E6547 Model=506E3
0:100  0:000   The CPU supported SSE4.1
0:100  0:000  BrandString = Intel(R) Core(TM) i5-6300HQ CPU @ 2.30GHz
0:100  0:000   The CPU supported turbo
0:100  0:000  MSR 0x35               40004
0:100  0:000   TSC/CCC Information Leaf:
0:100  0:000    numerator     : 192
0:100  0:000    denominator   : 2
0:100  0:000   Calibrated ARTFrequency: 24000403
0:100  0:000  MSR 0xE2 before patch 7E008006
0:100  0:000  MSR 0xE2 is locked, PM patches will be turned on
0:100  0:000  MSR 0xCE              0008083B_F1011700
0:100  0:000  MSR 0x1A0             00850089
0:100  0:000  corrected FLEX_RATIO = 0
0:100  0:000  MSR 0x1B0             00000000
0:100  0:000  FSBFrequency = 100 MHz, DMI FSBFrequency = 100 MHz, Corrected FSBFrequency = 100 MHz
0:100  0:000  MaxDiv/MinDiv: 23.0/8
0:100  0:000  Turbo: 28/29/30/32
0:100  0:000  Features: 0xBFEBFBFF
0:100  0:000  Threads: 4
0:100  0:000  Cores: 4
0:100  0:000  FSB: 100 MHz
0:100  0:000  CPU: 2300 MHz
0:100  0:000  TSC: 2300 MHz
0:100  0:000  PIS: 100 MHz
0:100  0:000  ExternalClock: 25 MHz
0:100  0:000  === [ GetDevices ] ========================================
0:100  0:000  PCI (00|00:00.00) : 8086 1910 class=060000
0:100  0:000  PCI (00|00:01.00) : 8086 1901 class=060400
0:100  0:000  PCI (00|01:00.00) : 10DE 139A class=030200
0:100  0:000  PCI (00|00:02.00) : 8086 191B class=030000
0:100  0:000   - GFX: Model=Intel HD Graphics 530 (Intel)
0:100  0:000  PCI (00|00:14.00) : 8086 A12F class=0C0330
0:100  0:000  PCI (00|00:14.02) : 8086 A131 class=118000
0:100  0:000  PCI (00|00:15.01) : 8086 A161 class=118000
0:100  0:000  PCI (00|00:16.00) : 8086 A13A class=078000
0:100  0:000  PCI (00|00:17.00) : 8086 A103 class=010601
0:100  0:000  PCI (00|00:1C.00) : 8086 A114 class=060400
0:100  0:000  PCI (00|02:00.00) : 14E4 43B1 class=028000
0:100  0:000   - WIFI: Vendor=Broadcom
0:100  0:000  PCI (00|00:1C.05) : 8086 A115 class=060400
0:100  0:000  PCI (00|03:00.00) : 10EC 8168 class=020000
0:100  0:000   - LAN: 0 Vendor=Realtek
0:100  0:000  PCI (00|00:1E.00) : 8086 A127 class=118000
0:100  0:000  PCI (00|00:1F.00) : 8086 A14E class=060100
0:100  0:000  PCI (00|00:1F.02) : 8086 A121 class=058000
0:100  0:000  PCI (00|00:1F.03) : 8086 A170 class=040300
0:100  0:000  PCI (00|00:1F.04) : 8086 A123 class=0C0500
0:100  0:000  === [ GetDefaultSettings ] ================================
0:100  0:000  Clover load options size = 0 bytes
0:102  0:001  EFI\CLOVER\config.plist loaded: Success
0:102  0:000  === [ GetListOfThemes ] ===================================
0:103  0:000  - [00]: Wooden
0:104  0:001  - [01]: random
0:106  0:002  - [01]: embedded
0:108  0:001  === [ Found config plists ] ===============================
0:108  0:000  - config.plist
0:108  0:000  === [ GetEarlyUserSettings ] ==============================
0:108  0:000  timeout set to 5
0:108  0:000  Custom boot CUSTOM_BOOT_DISABLED (0x0)
0:108  0:000  KextsToPatch: 3 requested
0:108  0:000   - [00]: com.apple.driver.AppleBacklight (change F%uT%04x to F%uTxxxx in AppleBacklightInjector.kext (credit RehabMan)) :: BinPatch :: data len: 9
0:108  0:000   - [01]: com.apple.driver.AppleIntelSKLGraphicsFramebuffer (HDMI-audio, port 0105, 0x191B0000) :: BinPatch :: data len: 12
0:108  0:000   - [02]: AppleGraphicsDevicePolicy (add mbp13.3 Board-id  to AppleGraphicsDevicePolicy) :: PlistPatch :: data len: 16
0:108  0:000   - patch disabled at config
0:108  0:000  KernelToPatch: 1 requested
0:108  0:000   - [00]: MSR 0xE2 _xcpm_idle instant reboot(c) Pike R. Alpha :: data len: 8
0:108  0:000  Default theme: Wooden
0:108  0:000  Hiding entries with string Preboot
0:108  0:000  ** Warning: unknown custom entry Type 'Other'
0:108  0:000  === [ LoadDrivers ] =======================================
0:109  0:000  Loading OsxFatBinaryDrv-64.efi  status=Success
0:111  0:002  Loading AppleImageCodec-64.efi  status=Success
0:114  0:002  Loading HFSPlus.efi  status=Success
0:116  0:002   - driver needs connecting
0:116  0:000  Loading PartitionDxe-64.efi  status=Success
0:119  0:002   - driver needs connecting
0:119  0:000  Loading AppleUITheme-64.efi  status=Success
0:121  0:002  Loading DataHubDxe-64.efi  status=Success
0:126  0:005  Loading AppleKeyAggregator-64.efi  status=Success
0:128  0:002  Loading apfs.efi  status=Success
0:139  0:011   - driver needs connecting
0:139  0:000  Loading FSInject-64.efi  status=Success
0:142  0:002  Loading FirmwareVolume-64.efi  status=Success
0:144  0:002  Loading SMCHelper-64.efi  status=Success
0:146  0:002  Loading OsxAptioFix2Drv-64.efi  status=Success
0:149  0:002  Loading EmuVariableUefi-64.efi  status=Success
0:152  0:002  EmuVariableUefi Initialize: VariableCommonInitialize = Success, orig services stored, install gEmuVariableControlProtocolGuid = Success
0:152  0:000  Loading NTFS.efi  status=Success
0:156  0:004   - driver needs connecting
0:156  0:000  4 drivers needs connecting ...
0:156  0:000  PlatformDriverOverrideProtocol not found. Installing ... Success
0:156  0:000  Partition driver loaded: 
0:156  0:000  HFS+ driver loaded
0:156  0:000  APFS driver loaded
0:156  0:000  Searching for invalid DiskIo BY_DRIVER connects: not found, all ok
1:057  0:900  EmuVariable InstallEmulation: orig vars copied, emu.var.services installed, CreateEvent VirtualAddressChange = Success, CreateEvent ExitBootServices = Success, set Status=Success
1:109  0:052  === [ InitScreen ] ========================================
1:109  0:000  SetScreenResolution: 1920x1080 - already set
1:109  0:000  Console modes reported: 6, available modes:
1:109  0:000   - [01]: 80x25
1:109  0:000   - [03]: 240x56 (current mode)
1:109  0:000   - [04]: 100x31
1:109  0:000   - [05]: 128x40
1:109  0:000   - [06]: 160x53
1:109  0:000  SetScreenResolution: 1920x1080 - already set
1:109  0:000  reinit: self device path=PciRoot(0x0)\Pci(0x17,0x0)\Sata(0x0,0x0,0x0)\HD(1,GPT,6EA0A160-CBF9-4FB5-8DF2-1087918A09BC,0x30,0x88FD0)
1:110  0:000  Using embedded font: Success
1:111  0:000  === [ GetMacAddress ] =====================================
1:111  0:000  MAC address of LAN #0= 54:EE:75:8C:E6:A1:
1:111  0:000  MAC address of LAN #1= 54:EE:75:8C:E6:A1:
1:111  0:000  MAC address of LAN #2= 54:EE:75:8C:E6:A1:
1:111  0:000  MAC address of LAN #3= 54:EE:75:8C:E6:A1:
1:111  0:000  === [ ScanSPD ] ===========================================
1:111  0:000  SMBus device : 8086 A123 class=0C0500 status=Success
1:111  0:000  SMBus CmdReg: 0x1
1:111  0:000  Scanning SMBus [8086:A123], mmio: 0xD242F004, ioport: 0xEFA0, hostc: 0x11
1:111  0:000  Slots to scan [8]...
1:111  0:000  SPD[0]: Type 12 @0x50
1:129  0:017  Not using XMP because it is not present
1:129  0:000  DDR speed 2132MHz
1:129  0:000  Slot: 0 Type 26 4096MB 2132MHz Vendor=SK Hynix PartNo=HMA451S6AFR8N-TF SerialNo=0205020E0104050B
1:130  0:000  SPD[2]: Type 12 @0x52
1:148  0:017  Not using XMP because it is not present
1:148  0:000  DDR speed 2134MHz
1:148  0:000  Slot: 2 Type 26 4096MB 2134MHz Vendor=Kingston PartNo=9905633-010.A00G SerialNo=0A0E00060C0B0308
1:149  0:000  === [ GetAcpiTablesList ] =================================
1:153  0:004  Get Acpi Tables List from RSDT:
1:153  0:000   - [00]: FACP  CB-01    len=244
1:153  0:000   - [01]: TCPA  CB-01    len=50
1:153  0:000   - [02]: SSDT  Tpm2Tabl len=1232
1:153  0:000   - [03]: SSDT  MeSsdt  len=75
1:153  0:000   - [04]: TPM2  CB-01    len=52
1:153  0:000   - [05]: UEFI  CB-01    len=66
1:153  0:000   - [06]: SSDT  SaSsdt  len=14514
1:153  0:000   - [07]: SSDT  PerfTune len=1477
1:153  0:000   - [08]: HPET  CB-01    len=56
1:153  0:000   - [09]: LPIT  CB-01    len=148
1:153  0:000   - [10]: APIC  CB-01    len=188
1:153  0:000   - [11]: MCFG  CB-01    len=60
1:153  0:000   - [12]: WDAT  CB-01    len=308
1:153  0:000   - [13]: SSDT  sensrhub len=584
1:153  0:000   - [14]: SSDT  EInkApp len=724
1:153  0:000   - [15]: SSDT  PtidDevc len=11182
1:153  0:000   - [16]: SSDT  Sata0Ide len=410
1:153  0:000   - [17]: SSDT  UsbCTabl len=2889
1:153  0:000   - [18]: SSDT  zpodd len=1187
1:153  0:000   - [19]: DBGP  CB-01    len=52
1:153  0:000   - [20]: DBG2  CB-01    len=84
1:153  0:000   - [21]: SSDT  xh_rvp10 len=1592
1:153  0:000   - [22]: BOOT  CB-01    len=40
1:153  0:000   - [23]: BATB  CB-01    len=70
1:153  0:000   - [24]: SSDT  Cpu0Ist len=1401
1:153  0:000   - [25]: SSDT  CpuSsdt len=3699
1:153  0:000   - [26]: MSDM  CB-01    len=85
1:153  0:000   - [27]: SLIC  CB-01    len=374
1:153  0:000   - [28]: SSDT  NvOptTbl len=4301
1:153  0:000   - [29]: SSDT  SgPeg len=986
1:153  0:000   - [30]: ASF!  CB-01    len=165
1:153  0:000   - [31]: FPDT  CB-01    len=68
1:153  0:000   - [32]: BGRT  CB-01    len=56
1:153  0:000   - [33]: UEFI  CB-01    len=318
1:153  0:000  Calibrated TSC Frequency = 2304038700 = 2304MHz
1:154  0:000  === [ GetUserSettings ] ===================================
1:154  0:000  Dropping 4 tables:
1:154  0:000   - [00]: Drop table  signature="MCFG" (4746434D)
1:154  0:000           - set table: 4746434D,                0 to drop: yes
1:154  0:000   - [01]: Drop table  signature="DMAR" (52414D44)
1:154  0:000           - set table: 52414D44,                0 to drop: no
1:154  0:000   - [02]: Drop table  signature="SSDT" (54445353) table-id="xh_rvp10" (30317076725F6878)
1:154  0:000           - set table: 54445353, 30317076725F6878 to drop: yes
1:154  0:000   - [03]: Drop table  signature="SSDT" (54445353) table-id="UsbCTabl" (6C62615443627355)
1:154  0:000           - set table: 54445353, 6C62615443627355 to drop: yes
1:154  0:000   - final DSDT Fix mask=20060040
1:154  0:000  PatchesDSDT: 12 requested
1:154  0:000   - [00]: (change GFX0 to IGPU) lenToFind: 4, lenToReplace: 4
1:154  0:000   - [01]: (change EC0 to EC) lenToFind: 4, lenToReplace: 4
1:154  0:000   - [02]: (change PNLF to PNLL) lenToFind: 4, lenToReplace: 4
1:154  0:000   - [03]: (change HDAS to HDEF) lenToFind: 4, lenToReplace: 4
1:154  0:000   - [04]: (change HECI to IMEI) lenToFind: 4, lenToReplace: 4
1:154  0:000   - [05]: (change SAT0 to SATA) lenToFind: 4, lenToReplace: 4
1:154  0:000   - [06]: (change _DSM to XDSM) lenToFind: 4, lenToReplace: 4
1:154  0:000   - [07]: (Change _OSI to XOSI) lenToFind: 4, lenToReplace: 4
1:154  0:000   - [08]: (Rename _Q1D) lenToFind: 4, lenToReplace: 4
1:154  0:000   - [09]: (Rename _Q1C) lenToFind: 4, lenToReplace: 4
1:154  0:000   - [10]: (Change GPRW to XPRW) lenToFind: 5, lenToReplace: 5
1:154  0:000   - [11]: (Change _PTS to ZPTS) lenToFind: 5, lenToReplace: 5
1:154  0:000  Using ProductName from config
1:154  0:000  ProductName: MacBookPro13,3
1:154  0:000  Found same BiosVersion in clover and config
1:154  0:000  BiosVersion: MBP133.88Z.0233.B00.1708080034
1:154  0:000  BiosReleaseDate: 08/08/2017
1:154  0:000  Using FirmwareFeatures from config
1:154  0:000  FirmwareFeatures: 0xFC0FE13E
1:154  0:000  Using FirmwareFeaturesMask from config
1:154  0:000  FirmwareFeaturesMask: 0xFF1FFF3F
1:154  0:000  Using PlatformFeature from clover
1:154  0:000  PlatformFeature: 0x1A
1:154  0:000  Board-ID set from config as Mac-A5C67F76ED83108C
1:154  0:000  BoardType: 0xA
1:154  0:000  ChassisType: 0x9
1:175  0:021  === [ ScanVolumes ] =======================================
1:175  0:000  Found 12 volumes with blockIO
1:175  0:000  - [00]: Volume: PciRoot(0x0)\Pci(0x17,0x0)\Sata(0x0,0x0,0x0)
1:175  0:000  - [01]: Volume: PciRoot(0x0)\Pci(0x17,0x0)\Sata(0x2,0x0,0x0)
1:240  0:064  - [02]: Volume: PciRoot(0x0)\Pci(0x17,0x0)\Sata(0x0,0x0,0x0)\HD(1,GPT,6EA0A160-CBF9-4FB5-8DF2-1087918A09BC,0x30,0x88FD0)
1:240  0:000          Result of bootcode detection: bootable Windows (win)
1:241  0:001          This is SelfVolume !!
1:241  0:000  - [03]: Volume: PciRoot(0x0)\Pci(0x17,0x0)\Sata(0x0,0x0,0x0)\HD(2,GPT,DDB0B73C-CAEA-4315-A4EB-D4813D806456,0x89000,0xEDF3288)
1:242  0:000          Result of bootcode detection: bootable unknown (legacy)
1:242  0:000  - [04]: Volume: PciRoot(0x0)\Pci(0x17,0x0)\Sata(0x2,0x0,0x0)\HD(1,GPT,DB3A8E25-87D7-412B-97F4-8DF3CF6467AA,0x28,0x69E38)
1:242  0:000          Result of bootcode detection: bootable Windows (win)
1:244  0:002  - [05]: Volume: PciRoot(0x0)\Pci(0x17,0x0)\Sata(0x2,0x0,0x0)\HD(2,GPT,A9CEAAD5-6828-11E7-B46E-F6A57624300A,0x69E60,0xDB981A0)
1:251  0:006          Result of bootcode detection: bootable Windows (vista,win)
1:251  0:000  - [06]: Volume: PciRoot(0x0)\Pci(0x17,0x0)\Sata(0x2,0x0,0x0)\HD(3,GPT,A9CEAADD-6828-11E7-B46E-F6A57624300A,0xDC02000,0x6F80D05)
1:267  0:015  - [07]: Volume: PciRoot(0x0)\Pci(0x17,0x0)\Sata(0x2,0x0,0x0)\HD(4,GPT,5A57A3A7-2D78-4E1F-8ECC-DB383C5CA45F,0x14B82D08,0x25802328)
1:267  0:000          Result of bootcode detection: bootable Windows (vista,win)
1:267  0:000  - [08]: Volume: PciRoot(0x0)\Pci(0x17,0x0)\Sata(0x0,0x0,0x0)\HD(2,GPT,DDB0B73C-CAEA-4315-A4EB-D4813D806456,0x89000,0xEDF3288)\VenMedia(BE74FCF7-0B7C-49F3-9147-01F4042E6842,1315777F4BCE0A4D8A43663361E88F34)
1:267  0:000          hiding this volume
1:267  0:000  - [09]: Volume: PciRoot(0x0)\Pci(0x17,0x0)\Sata(0x0,0x0,0x0)\HD(2,GPT,DDB0B73C-CAEA-4315-A4EB-D4813D806456,0x89000,0xEDF3288)\VenMedia(BE74FCF7-0B7C-49F3-9147-01F4042E6842,65FF232824EA2140A37F50FC02A5AD98)
1:267  0:000  - [10]: Volume: PciRoot(0x0)\Pci(0x17,0x0)\Sata(0x0,0x0,0x0)\HD(2,GPT,DDB0B73C-CAEA-4315-A4EB-D4813D806456,0x89000,0xEDF3288)\VenMedia(BE74FCF7-0B7C-49F3-9147-01F4042E6842,9922C408FBAB4740A96E542DEFD76429)
1:267  0:000  - [11]: Volume: PciRoot(0x0)\Pci(0x17,0x0)\Sata(0x0,0x0,0x0)\HD(2,GPT,DDB0B73C-CAEA-4315-A4EB-D4813D806456,0x89000,0xEDF3288)\VenMedia(BE74FCF7-0B7C-49F3-9147-01F4042E6842,C6365A0D221EE743AB35BCBFC2231196)
1:303  0:036  Loading nvram.plist from Vol 'EFI' - loaded, size=3354
1:305  0:001  === [ PutNvramPlistToRtVars ] =============================
1:305  0:000   Adding Key: EFILoginHiDPI: Size = 4, Data: 00 00 00 00 
1:305  0:000   Skipping EmuVariableUefiPresent
1:305  0:000   Adding Key: LocationServicesEnabled: Size = 1, Data: 01 
1:305  0:000   Adding Key: SystemAudioVolume: Size = 1, Data: 2C 
1:305  0:000   Adding Key: SystemAudioVolumeDB: Size = 1, Data: E0 
1:305  0:000   Adding Key: backlight-level: Size = 2, Data: 77 04 
1:305  0:000   Adding Key: bluetoothActiveControllerInfo: Size = 16, Data: 7A E0 89 04 00 00 00 00 50 14 48 E2 44 E1 EB 10 
1:305  0:000   Adding Key: bootercfg: Size = 2, Data: 28 00 
1:305  0:000   Adding Key: csr-active-config: Size = 4, Data: 67 00 00 00 
1:305  0:000   Adding Key: fakesmc-key-#KEY-ui32: Size = 4, Data: 00 00 00 11 
1:305  0:000   Adding Key: fakesmc-key-$Adr-ui32: Size = 4, Data: 00 00 03 00 
1:305  0:000   Adding Key: fakesmc-key-$Num-ui8: Size = 1, Data: 01 
1:305  0:000   Adding Key: fakesmc-key-BATP-flag: Size = 1, Data: 00 
1:305  0:000   Adding Key: fakesmc-key-BBIN-ui8: Size = 1, Data: 01 
1:305  0:000   Adding Key: fakesmc-key-BEMB-flag: Size = 1, Data: 01 
1:305  0:000   Adding Key: fakesmc-key-BNum-ui8: Size = 1, Data: 01 
1:305  0:000   Adding Key: fakesmc-key-EPCI-ui32: Size = 4, Data: 09 40 F0 00 
1:305  0:000   Adding Key: fakesmc-key-MSAc-ui16: Size = 2, Data: 00 00 
1:305  0:000   Adding Key: fakesmc-key-MSFW-ui8: Size = 2, Data: 01 00 
1:305  0:000   Adding Key: fakesmc-key-MSPS-ui16: Size = 2, Data: 00 03 
1:305  0:000   Adding Key: fakesmc-key-MSTc-ui8: Size = 1, Data: 00 
1:305  0:000   Adding Key: fakesmc-key-MSWr-ui8: Size = 1, Data: 00 
1:305  0:000   Adding Key: fakesmc-key-RBr -ch8*: Size = 8, Data: 32 30 31 36 6D 62 00 00 
1:305  0:000   Adding Key: fakesmc-key-REV -ch8*: Size = 6, Data: 02 38 0F 00 00 07 
1:305  0:000   Adding Key: fakesmc-key-RMde-char: Size = 1, Data: 41 
1:305  0:000   Adding Key: fakesmc-key-RPlt-ch8*: Size = 8, Data: 6A 38 30 67 00 00 00 00 
1:305  0:000   Adding Key: flagstate: Size = 32, Data: 00 00 00 00 00 00 00 00 00 00 00 00 00 00 00 00 00 00 00 00 00 00 00 00 00 00 00 00 00 00 00 00 
1:305  0:000   Adding Key: fmm-computer-name: Size = 19, Data: 6B 69 68 73 75 E7 9A 84 4D 61 63 42 6F 6F 6B 20 50 72 6F 
1:305  0:000   Adding Key: fmm-mobileme-token-FMM: Size = 637, Data: 62 70 6C 69 73 74 30 30 DC 01 02 03 04 05 06 07 08 09 0A 0B 0C 0D 0E 10 0D 11 0D 12 13 14 15 16 1D 5F 10 0F 75 6E 72 65 67 69 73 74 65 72 53 74 61 74 65 5F 10 12 65 6E 61 62 6C 65 64 44 61 74 61 63 6C 61 73 73 65 73 59 61 75 74 68 54 6F 6B 65 6E 5E 64 69 73 61 62 6C 65 43 6F 6E 74 65 78 74 56 75 73 65 72 69 64 5D 65 6E 61 62 6C 65 43 6F 6E 74 65 78 74 58 75 73 65 72 6E 61 6D 65 58 70 65 72 73 6F 6E 49 44 57 61 64 64 54 69 6D 65 54 67 75 69 64 58 75 73 65 72 49 6E 66 6F 5F 10 13 64 61 74 61 63 6C 61 73 73 50 72 6F 70 65 72 74 69 65 73 10 00 A1 0F 5F 10 21 63 6F 6D 2E 61 70 70 6C 65 2E 44 61 74 61 63 6C 61 73 73 2E 44 65 76 69 63 65 4C 6F 63 61 74 6F 72 5F 10 28 41 51 41 41 41 41 42 5A 33 46 41 56 6E 4D 37 33 5A 45 35 34 74 62 4A 59 68 6D 68 71 34 6B 44 46 79 76 45 64 41 57 59 7E 11 01 F5 5F 10 11 6B 69 68 73 75 40 6F 75 74 6C 6F 6F 6B 2E 63 6F 6D 5A 38 34 33 37 36 31 36 37 38 32 23 41 D6 77 14 06 6B B3 6C 5F 10 24 42 37 42 31 44 44 42 39 2D 39 34 36 42 2D 34 34 34 38 2D 39 31 43 45 2D 46 43 42 36 30 34 33 32 33 39 42 44 D3 17 18 19 1A 1B 1C 5F 10 15 49 6E 55 73 65 4F 77 6E 65 72 44 69 73 70 6C 61 79 4E 61 6D 65 5F 10 13 49 6E 55 73 65 4F 77 6E 65 72 46 69 72 73 74 4E 61 6D 65 5F 10 12 49 6E 55 73 65 4F 77 6E 65 72 4C 61 73 74 4E 61 6D 65 56 6B 69 20 68 73 75 52 6B 69 53 68 73 75 D1 0F 1E D4 1F 20 21 22 23 24 25 26 56 61 70 73 45 6E 76 58 68 6F 73 74 6E 61 6D 65 5D 61 75 74 68 4D 65 63 68 61 6E 69 73 6D 56 73 63 68 65 6D 65 5A 50 72 6F 64 75 63 74 69 6F 6E 5F 10 13 70 35 37 2D 66 6D 69 70 2E 69 63 6C 6F 75 64 2E 63 6F 6D 55 74 6F 6B 65 6E 55 68 74 74 70 73 00 08 00 21 00 33 00 48 00 52 00 61 00 68 00 76 00 7F 00 88 00 90 00 95 00 9E 00 B4 00 B6 00 B8 00 DC 01 07 01 0A 01 1E 01 29 01 32 01 59 01 60 01 78 01 8E 01 A3 01 AA 01 AD 01 B1 01 B4 01 BD 01 C4 01 CD 01 DB 01 E2 01 ED 02 03 02 09 00 00 00 00 00 00 02 01 00 00 00 00 00 00 00 27 00 00 00 00 00 00 00 00 00 00 00 00 00 00 02 0F 
1:305  0:000   Adding Key: install-product-url: Size = 73, Data: 78 2D 6F 73 70 72 6F 64 75 63 74 3A 2F 2F 32 38 32 33 46 46 36 35 2D 45 41 32 34 2D 34 30 32 31 2D 41 33 37 46 2D 35 30 46 43 30 32 41 35 41 44 39 38 2F 6D 61 63 4F 53 25 32 30 49 6E 73 74 61 6C 6C 25 32 30 44 61 74 61 
1:305  0:000   Adding Key: prev-lang:kbd: Size = 12, Data: 7A 68 2D 48 61 6E 73 2D 43 4E 3A 30 
1:305  0:000   Adding Key: previous-system-uuid: Size = 36, Data: 32 38 32 33 46 46 36 35 2D 45 41 32 34 2D 34 30 32 31 2D 41 33 37 46 2D 35 30 46 43 30 32 41 35 41 44 39 38 
1:305  0:000   Adding Key: security-mode: String: Size = 4, Val = 'none'
1:305  0:000   Adding Key: specialbootdevice: Size = 110, Data: 02 01 0C 00 D0 41 03 0A 00 00 00 00 01 01 06 00 00 17 03 12 0A 00 00 00 00 00 00 00 04 01 2A 00 02 00 00 00 00 90 08 00 00 00 00 00 88 32 DF 0E 00 00 00 00 3C B7 B0 DD EA CA 15 43 A4 EB D4 81 3D 80 64 56 02 02 04 03 24 00 F7 FC 74 BE 7C 0B F3 49 91 47 01 F4 04 2E 68 42 65 FF 23 28 24 EA 21 40 A3 7F 50 FC 02 A5 AD 98 7F FF 04 00 
1:305  0:000  === [ InitTheme ] =========================================
1:306  0:000  Using theme 'Wooden' (EFI\CLOVER\themes\Wooden)
1:306  0:000  OS main and drive as badge
1:306  0:000  Loading font from ThemeDir: Success
1:307  0:000  Choosing theme Wooden
1:307  0:000  after NVRAM boot-args=darkwake=no abm_firstpolldelay=5000
1:307  0:000  === [ Dump SMC keys from NVRAM ] ==========================
1:307  0:000  found AppleSMC protocol
1:307  0:000  === [ AddCustomEntries ] ==================================
1:307  0:000  Custom entry 0 skipped because it is disabled.
1:307  0:000  === [ ScanLoader ] ========================================
1:307  0:000  - [02]: 'EFI'
1:308  0:000          AddLoaderEntry for Volume Name=EFI
1:308  0:000      Not match custom entry 0: Type: not match
1:313  0:004  - [04]: 'EFI'
1:313  0:000  - [05]: 'Windows'
1:315  0:001  - [06]: 'osx'
1:315  0:000  - [07]: 'Lenovo'
1:318  0:003  - [08]: 'Preboot', hidden
1:318  0:000  - [09]: 'macos'
1:348  0:029          AddLoaderEntry for Volume Name=macos
1:348  0:000      Not match custom entry 0: Type: not match
1:363  0:015      Check if volume Is Hibernated:
1:363  0:000      Check sleep image 'by signature':
1:389  0:025      read prefs \Library\Preferences\com.apple.PowerManagement.plist status=Success
1:389  0:000      using default sleep image name = \private\var\vm\sleepimage
1:404  0:014      sleepimage not found -> Not Found
1:404  0:000      hibernated: no - sign
1:414  0:009  - [10]: 'Recovery'
1:423  0:008          AddLoaderEntry for Volume Name=Recovery
1:423  0:000      Not match custom entry 0: Type: not match
1:437  0:014  - [11]: 'VM'
1:437  0:000  === [ AddCustomTool ] =====================================
1:439  0:001  EmuVariable InstallEmulation: EFI_ALREADY_STARTED
1:439  0:000  === [ GetEfiBootDeviceFromNvram ] =========================
1:439  0:000   - found entry 1. 'Boot macOS from macos', Volume 'macos', DevicePath 'PciRoot(0x0)\Pci(0x17,0x0)\Sata(0x0,0x0,0x0)\HD(2,GPT,DDB0B73C-CAEA-4315-A4EB-D4813D806456,0x89000,0xEDF3288)\VenMedia(BE74FCF7-0B7C-49F3-9147-01F4042E6842,65FF232824EA2140A37F50FC02A5AD98)\System\Library\CoreServices\boot.efii'
1:439  0:000  EmuVariable UninstallEmulation: CloseEvent = Success, original var services restored
1:439  0:000  DefaultIndex=1 and MainMenu.EntryCount=7
1:556  0:116  GUI ready
23:173  21:617  Found UEFI Acpi 2.0 RSDP at 9D2FD014
23:173  0:000  Saving ACPI tables from RSDP 9D2FD014 to EFI\CLOVER\ACPI\origin ...
23:173  0:000   9D2FD014: 'RSD PTR ', Rev: 2 (Acpi 2.0 or newer), Len: 36 -> RSDP.aml
23:181  0:007    (Xsdt: 9D2BE188, Rsdt: 9D2BE0C4)
23:181  0:000    9D2BE188: 'XSDT', 'CB-01   ', Rev: 1, Len: 308 -> XSDT.aml
23:189  0:007    9D2BE0C4: 'RSDT', 'CB-01   ', Rev: 1, Len: 172 -> RSDT.aml
23:194  0:005    Tables in Xsdt: 34
23:194  0:000    0. 9D2F2000: 'FACP', 'CB-01   ', Rev: 5, Len: 244 -> FACP.aml
23:200  0:005        (Dsdt: 9D2C9000, Facs: 9D266000, XDsdt: 9D2C9000, XFacs: 0)
23:200  0:000        9D2C9000: 'DSDT', 'SKL     ', Rev: 2, Len: 144217 -> DSDT.aml
23:213  0:013        9D266000: 'FACS', Ver: 2, Len: 64 -> FACS.aml
23:219  0:005    1. 9D2FB000: 'TCPA', 'CB-01   ', Rev: 2, Len: 50 -> TCPA.aml
23:224  0:005    2. 9D2FA000: 'SSDT', 'Tpm2Tabl', Rev: 2, Len: 1232 -> SSDT-0-Tpm2Tabl.aml
23:230  0:005    3. 9D2F9000: 'SSDT', 'MeSsdt ', Rev: 2, Len: 75 -> SSDT-1-MeSsdt .aml
23:236  0:005    4. 9D2F8000: 'TPM2', 'CB-01   ', Rev: 3, Len: 52 -> TPM2.aml
23:242  0:005    5. 9D27C000: 'UEFI', 'CB-01   ', Rev: 1, Len: 66 -> UEFI.aml
23:250  0:008    6. 9D2F4000: 'SSDT', 'SaSsdt ', Rev: 2, Len: 14514 -> SSDT-2-SaSsdt .aml
23:257  0:007    7. 9D2F3000: 'SSDT', 'PerfTune', Rev: 2, Len: 1477 -> SSDT-3-PerfTune.aml
23:263  0:006    8. 9D2F1000: 'HPET', 'CB-01   ', Rev: 1, Len: 56 -> HPET.aml
23:269  0:005    9. 9D2F0000: 'LPIT', 'CB-01   ', Rev: 1, Len: 148 -> LPIT.aml
23:275  0:005    10. 9D2EF000: 'APIC', 'CB-01   ', Rev: 3, Len: 188 -> APIC.aml
23:281  0:005    11. 9D2EE000: 'MCFG', 'CB-01   ', Rev: 1, Len: 60 -> MCFG.aml
23:286  0:005    12. 9D2ED000: 'WDAT', 'CB-01   ', Rev: 1, Len: 308 -> WDAT.aml
23:292  0:006    13. 9D2C8000: 'SSDT', 'sensrhub', Rev: 2, Len: 584 -> SSDT-4-sensrhub.aml
23:301  0:008    14. 9D2C7000: 'SSDT', 'EInkApp', Rev: 1, Len: 724 -> SSDT-5-EInkApp.aml
23:307  0:005    15. 9D2C4000: 'SSDT', 'PtidDevc', Rev: 2, Len: 11182 -> SSDT-6-PtidDevc.aml
23:313  0:005    16. 9D2C3000: 'SSDT', 'Sata0Ide', Rev: 2, Len: 410 -> SSDT-7-Sata0Ide.aml
23:320  0:007    17. 9D2C2000: 'SSDT', 'UsbCTabl', Rev: 2, Len: 2889 -> SSDT-8-UsbCTabl.aml
23:326  0:005    18. 9D2C1000: 'SSDT', 'zpodd', Rev: 2, Len: 1187 -> SSDT-9-zpodd.aml
23:332  0:006    19. 9D2C0000: 'DBGP', 'CB-01   ', Rev: 1, Len: 52 -> DBGP.aml
23:337  0:005    20. 9D2BF000: 'DBG2', 'CB-01   ', Rev: 0, Len: 84 -> DBG2.aml
23:346  0:008    21. 9D2FC000: 'SSDT', 'xh_rvp10', Rev: 2, Len: 1592 -> SSDT-10-xh_rvp10.aml
23:352  0:005    22. 9D2BD000: 'BOOT', 'CB-01   ', Rev: 1, Len: 40 -> BOOT.aml
23:357  0:005    23. 9D2BC000: 'BATB', 'CB-01   ', Rev: 1, Len: 70 -> BATB.aml
23:363  0:005    24. 9D2BB000: 'SSDT', 'Cpu0Ist', Rev: 2, Len: 1401 -> SSDT-11-Cpu0Ist.aml
23:369  0:006    25. 9D2BA000: 'SSDT', 'CpuSsdt', Rev: 2, Len: 3699
 Found hidden SSDT 7 pcs
23:369  0:000        * 9D208618: 'SSDT', 'Cpu0Ist', Rev: 2, Len: 1401  53 53 44 54 79 05 00 00 02 4C 50 6D 52 65 66 00 Internal length = 1401 -> SSDT-13x-Cpu0Ist.aml
23:375  0:005        * 9D208018: 'SSDT', 'ApIst', Rev: 2, Len: 1450  53 53 44 54 AA 05 00 00 02 D0 50 6D 52 65 66 00 Internal length = 1450 -> SSDT-14x-ApIst.aml
23:380  0:005        * 9D208C18: 'SSDT', 'Cpu0Cst', Rev: 2, Len: 895  53 53 44 54 7F 03 00 00 02 67 50 6D 52 65 66 00 Internal length = 895 -> SSDT-15x-Cpu0Cst.aml
23:388  0:008        * 9D206C18: 'SSDT', 'ApCst', Rev: 2, Len: 281  53 53 44 54 19 01 00 00 02 EC 50 6D 52 65 66 00 Internal length = 281 -> SSDT-16x-ApCst.aml
23:395  0:006        * 9D207F18: 'SSDT', 'Cpu0Hwp', Rev: 2, Len: 142  53 53 44 54 8E 00 00 00 02 2D 50 6D 52 65 66 00 Internal length = 142 -> SSDT-17x-Cpu0Hwp.aml
23:400  0:005        * 9D206A98: 'SSDT', 'ApHwp', Rev: 2, Len: 281  53 53 44 54 19 01 00 00 02 FF 50 6D 52 65 66 00 Internal length = 281 -> SSDT-18x-ApHwp.aml
23:406  0:005        * 9D206D98: 'SSDT', 'HwpLvt', Rev: 2, Len: 304  53 53 44 54 30 01 00 00 02 87 50 6D 52 65 66 00 Internal length = 304 -> SSDT-19x-HwpLvt.aml
23:412  0:005   -> SSDT-12-CpuSsdt.aml
23:417  0:005    26. 9D2B9000: 'MSDM', 'CB-01   ', Rev: 3, Len: 85 -> MSDM.aml
23:423  0:005    27. 9D2B8000: 'SLIC', 'CB-01   ', Rev: 1, Len: 374 -> SLIC.aml
23:430  0:007    28. 9D2B6000: 'SSDT', 'NvOptTbl', Rev: 1, Len: 4301 -> SSDT-20-NvOptTbl.aml
23:436  0:005    29. 9D2B5000: 'SSDT', 'SgPeg', Rev: 2, Len: 986 -> SSDT-21-SgPeg.aml
23:442  0:006    30. 9D2B4000: 'ASF!', 'CB-01   ', Rev: 32, Len: 165 -> ASF!.aml
23:448  0:005    31. 9D2B3000: 'FPDT', 'CB-01   ', Rev: 1, Len: 68 -> FPDT.aml
23:454  0:005    32. 9D2B2000: 'BGRT', 'CB-01   ', Rev: 1, Len: 56 -> BGRT.aml
23:460  0:006    33. 9D242000: 'UEFI', 'CB-01   ', Rev: 1, Len: 318 -> UEFI.aml
23:468  0:008    Tables in Rsdt: 34
23:468  0:000    0. 9D2F2000: 'FACP', 'CB-01   ', Rev: 5, Len: 244
23:468  0:000        (Dsdt: 9D2C9000, Facs: 9D266000, XDsdt: 9D2C9000, XFacs: 0)
23:468  0:000        9D2C9000: 'DSDT', 'SKL     ', Rev: 2, Len: 144217
23:470  0:002        9D266000: 'FACS', Ver: 2, Len: 64
23:470  0:000    1. 9D2FB000: 'TCPA', 'CB-01   ', Rev: 2, Len: 50
23:470  0:000    2. 9D2FA000: 'SSDT', 'Tpm2Tabl', Rev: 2, Len: 1232
23:470  0:000    3. 9D2F9000: 'SSDT', 'MeSsdt ', Rev: 2, Len: 75
23:470  0:000    4. 9D2F8000: 'TPM2', 'CB-01   ', Rev: 3, Len: 52
23:470  0:000    5. 9D27C000: 'UEFI', 'CB-01   ', Rev: 1, Len: 66
23:470  0:000    6. 9D2F4000: 'SSDT', 'SaSsdt ', Rev: 2, Len: 14514
23:470  0:000    7. 9D2F3000: 'SSDT', 'PerfTune', Rev: 2, Len: 1477
23:470  0:000    8. 9D2F1000: 'HPET', 'CB-01   ', Rev: 1, Len: 56
23:470  0:000    9. 9D2F0000: 'LPIT', 'CB-01   ', Rev: 1, Len: 148
23:470  0:000    10. 9D2EF000: 'APIC', 'CB-01   ', Rev: 3, Len: 188
23:470  0:000    11. 9D2EE000: 'MCFG', 'CB-01   ', Rev: 1, Len: 60
23:470  0:000    12. 9D2ED000: 'WDAT', 'CB-01   ', Rev: 1, Len: 308
23:470  0:000    13. 9D2C8000: 'SSDT', 'sensrhub', Rev: 2, Len: 584
23:470  0:000    14. 9D2C7000: 'SSDT', 'EInkApp', Rev: 1, Len: 724
23:470  0:000    15. 9D2C4000: 'SSDT', 'PtidDevc', Rev: 2, Len: 11182
23:470  0:000    16. 9D2C3000: 'SSDT', 'Sata0Ide', Rev: 2, Len: 410
23:470  0:000    17. 9D2C2000: 'SSDT', 'UsbCTabl', Rev: 2, Len: 2889
23:470  0:000    18. 9D2C1000: 'SSDT', 'zpodd', Rev: 2, Len: 1187
23:470  0:000    19. 9D2C0000: 'DBGP', 'CB-01   ', Rev: 1, Len: 52
23:470  0:000    20. 9D2BF000: 'DBG2', 'CB-01   ', Rev: 0, Len: 84
23:470  0:000    21. 9D2FC000: 'SSDT', 'xh_rvp10', Rev: 2, Len: 1592
23:470  0:000    22. 9D2BD000: 'BOOT', 'CB-01   ', Rev: 1, Len: 40
23:470  0:000    23. 9D2BC000: 'BATB', 'CB-01   ', Rev: 1, Len: 70
23:470  0:000    24. 9D2BB000: 'SSDT', 'Cpu0Ist', Rev: 2, Len: 1401
23:470  0:000    25. 9D2BA000: 'SSDT', 'CpuSsdt', Rev: 2, Len: 3699
23:470  0:000    26. 9D2B9000: 'MSDM', 'CB-01   ', Rev: 3, Len: 85
23:470  0:000    27. 9D2B8000: 'SLIC', 'CB-01   ', Rev: 1, Len: 374
23:470  0:000    28. 9D2B6000: 'SSDT', 'NvOptTbl', Rev: 1, Len: 4301
23:470  0:000    29. 9D2B5000: 'SSDT', 'SgPeg', Rev: 2, Len: 986
23:470  0:000    30. 9D2B4000: 'ASF!', 'CB-01   ', Rev: 32, Len: 165
23:470  0:000    31. 9D2B3000: 'FPDT', 'CB-01   ', Rev: 1, Len: 68
23:470  0:000    32. 9D2B2000: 'BGRT', 'CB-01   ', Rev: 1, Len: 56
23:470  0:000    33. 9D242000: 'UEFI', 'CB-01   ', Rev: 1, Len: 318
23:471  0:000  Found UEFI Acpi 1.0 RSDP at 9D2FD000
23:471  0:000  Printing ACPI tables from RSDP 9D2FD000 ...
23:471  0:000   9D2FD000: 'RSD PTR ', Rev: 0 (Acpi 1.0), Len: 20
23:471  0:000    (Rsdt: 9D2BE000)
23:471  0:000    9D2BE000: 'RSDT', 'CB-01   ', Rev: 1, Len: 172
23:471  0:000    Tables in Rsdt: 34
23:471  0:000    0. 9D2F2000: 'FACP', 'CB-01   ', Rev: 5, Len: 244
23:471  0:000        (Dsdt: 9D2C9000, Facs: 9D266000, XDsdt: 9D2C9000, XFacs: 0)
23:471  0:000        9D2C9000: 'DSDT', 'SKL     ', Rev: 2, Len: 144217
23:473  0:002        9D266000: 'FACS', Ver: 2, Len: 64
23:473  0:000    1. 9D2FB000: 'TCPA', 'CB-01   ', Rev: 2, Len: 50
23:473  0:000    2. 9D2FA000: 'SSDT', 'Tpm2Tabl', Rev: 2, Len: 1232
23:473  0:000    3. 9D2F9000: 'SSDT', 'MeSsdt ', Rev: 2, Len: 75
23:473  0:000    4. 9D2F8000: 'TPM2', 'CB-01   ', Rev: 3, Len: 52
23:473  0:000    5. 9D27C000: 'UEFI', 'CB-01   ', Rev: 1, Len: 66
23:473  0:000    6. 9D2F4000: 'SSDT', 'SaSsdt ', Rev: 2, Len: 14514
23:473  0:000    7. 9D2F3000: 'SSDT', 'PerfTune', Rev: 2, Len: 1477
23:473  0:000    8. 9D2F1000: 'HPET', 'CB-01   ', Rev: 1, Len: 56
23:473  0:000    9. 9D2F0000: 'LPIT', 'CB-01   ', Rev: 1, Len: 148
23:473  0:000    10. 9D2EF000: 'APIC', 'CB-01   ', Rev: 3, Len: 188
23:473  0:000    11. 9D2EE000: 'MCFG', 'CB-01   ', Rev: 1, Len: 60
23:473  0:000    12. 9D2ED000: 'WDAT', 'CB-01   ', Rev: 1, Len: 308
23:473  0:000    13. 9D2C8000: 'SSDT', 'sensrhub', Rev: 2, Len: 584
23:473  0:000    14. 9D2C7000: 'SSDT', 'EInkApp', Rev: 1, Len: 724
23:473  0:000    15. 9D2C4000: 'SSDT', 'PtidDevc', Rev: 2, Len: 11182
23:473  0:000    16. 9D2C3000: 'SSDT', 'Sata0Ide', Rev: 2, Len: 410
23:473  0:000    17. 9D2C2000: 'SSDT', 'UsbCTabl', Rev: 2, Len: 2889
23:473  0:000    18. 9D2C1000: 'SSDT', 'zpodd', Rev: 2, Len: 1187
23:473  0:000    19. 9D2C0000: 'DBGP', 'CB-01   ', Rev: 1, Len: 52
23:473  0:000    20. 9D2BF000: 'DBG2', 'CB-01   ', Rev: 0, Len: 84
23:473  0:000    21. 9D2FC000: 'SSDT', 'xh_rvp10', Rev: 2, Len: 1592
23:473  0:000    22. 9D2BD000: 'BOOT', 'CB-01   ', Rev: 1, Len: 40
23:473  0:000    23. 9D2BC000: 'BATB', 'CB-01   ', Rev: 1, Len: 70
23:473  0:000    24. 9D2BB000: 'SSDT', 'Cpu0Ist', Rev: 2, Len: 1401
23:473  0:000    25. 9D2BA000: 'SSDT', 'CpuSsdt', Rev: 2, Len: 3699
23:473  0:000    26. 9D2B9000: 'MSDM', 'CB-01   ', Rev: 3, Len: 85
23:473  0:000    27. 9D2B8000: 'SLIC', 'CB-01   ', Rev: 1, Len: 374
23:473  0:000    28. 9D2B6000: 'SSDT', 'NvOptTbl', Rev: 1, Len: 4301
23:473  0:000    29. 9D2B5000: 'SSDT', 'SgPeg', Rev: 2, Len: 986
23:473  0:000    30. 9D2B4000: 'ASF!', 'CB-01   ', Rev: 32, Len: 165
23:473  0:000    31. 9D2B3000: 'FPDT', 'CB-01   ', Rev: 1, Len: 68
23:473  0:000    32. 9D2B2000: 'BGRT', 'CB-01   ', Rev: 1, Len: 56
23:473  0:000    33. 9D242000: 'UEFI', 'CB-01   ', Rev: 1, Len: 318
40:387  16:914  BootVariable of the entry is empty
40:387  0:000  === [ StartLoader ] =======================================
40:387  0:000  Finally: ExternalClock=25MHz BusSpeed=100175kHz CPUFreq=2304MHz PIS: hw.busfrequency=100000000Hz
40:387  0:000  Loading boot.efi  status=Success
40:442  0:055  GetOSVersion: 10.13 (17A405)
40:442  0:000  CSR_CFG: CSR_ALLOW_UNTRUSTED_KEXTS | CSR_ALLOW_UNRESTRICTED_FS | CSR_ALLOW_TASK_FOR_PID | CSR_ALLOW_UNRESTRICTED_DTRACE | CSR_ALLOW_UNRESTRICTED_NVRAM
40:442  0:000  Filtering KextPatches:
40:442  0:000   - [00]: com.apple.driver.AppleBacklight (change F%uT%04x to F%uTxxxx in AppleBacklightInjector.kext (credit RehabMan)) :: BinPatch :: [OS: 10.13 | MatchOS: All | MatchBuild: All] ==> allowed
40:442  0:000   - [01]: com.apple.driver.AppleIntelSKLGraphicsFramebuffer (HDMI-audio, port 0105, 0x191B0000) :: BinPatch :: [OS: 10.13 | MatchOS: All | MatchBuild: All] ==> allowed
40:442  0:000   - [02]: AppleGraphicsDevicePolicy (add mbp13.3 Board-id  to AppleGraphicsDevicePolicy) :: PlistPatch :: [OS: 10.13 | MatchOS: All | MatchBuild: All] ==> disabled by user
40:442  0:000  Filtering KernelPatches:
40:442  0:000   - [00]: MSR 0xE2 _xcpm_idle instant reboot(c) Pike R. Alpha :: [OS: 10.13 | MatchOS: All | MatchBuild: no] ==> allowed by OS
40:442  0:000  EmuVariable InstallEmulation: orig vars copied, emu.var.services installed, CreateEvent VirtualAddressChange = Success, CreateEvent ExitBootServices = Success, set Status=Success
40:495  0:052  === [ PatchSmbios ] =======================================
40:495  0:000  insert table 9 for dev 0:0
40:495  0:000  insert table 9 for dev 0:0
40:496  0:001  Not trusting SMBIOS because SPD reports more modules...
40:496  0:000  Channels: 2
40:496  0:000  Interleave: 0 2 1 3 4 6 5 7 8 10 9 11 12 14 13 15 16 18 17 19 20 22 21 23
40:496  0:000  SMBIOS Type 17 Index = 0 => 0 0:
40:496  0:000  BANK 0 DIMM0 2133MHz 4096MB
40:496  0:000  SMBIOS Type 17 Index = 1 => 2 2:
40:496  0:000  BANK 1 DIMM0 2134MHz 4096MB
40:496  0:000  mTotalSystemMemory = 8192
40:496  0:000  NumberOfMemoryDevices = 2
40:496  0:000  Table 131 is present, CPUType=10
40:496  0:000  Change to: 605
40:496  0:000  Table 133 is present, PlatformFeature=F8000001
40:496  0:000  Change to: 1A
40:496  0:000  === [ PatchACPI ] =========================================
40:496  0:000  RSDT 0x9D2BE0C4
40:496  0:000  FADT from RSDT: 0x9D2F2000
40:496  0:000  XSDT 0x9D2BE188
40:496  0:000  FADT from XSDT: 0x9D2F2000
40:496  0:000  Xsdt reallocation done
40:496  0:000  old FADT length=F4
40:497  0:001  Apply DsdtFixMask=0x20060040
40:497  0:000     drop _DSM mask=0xFFFF
40:497  0:000  === [ FixBiosDsdt ] =======================================
40:497  0:000  VideoCard devID=0x191B8086
40:497  0:000  DisplayADR1[0] = 0x20000, DisplayADR2[0] = 0xFFFE
40:497  0:000  USBADR[0] = 0x140000 and PCIe = 0xFFFE
40:497  0:000  Found Airport BCM at 0x1C0000, 0x0
40:915  0:417  Patching DSDT:
40:915  0:000   - [change GFX0 to IGPU]: pattern 47465830, patched at: [ (2633) (B7F5) (1D) (2F4F) (72AF) (161B) (6416) (9BE) (26) (11) (1861) (1C0) (19) (586) ]
40:915  0:000   - [change EC0 to EC]: pattern 4543305F, patched at: [ (DC0E) (BA) (52) (DA) (11711) (635) (82) (484) (3C) (96) (B8) (A7) (326) (B5) (15) (15) (36) (3F) (2E) (22) (58) (3E) (29) (95A) (17) (17) (17) (17) (17) (17) (779) (1DD) (A7F) (A8) (BB0) ]
40:915  0:000   - [change PNLF to PNLL]: pattern 504E4C46, patched at: [ (2893) (5CF7) ]
40:915  0:000   - [change HDAS to HDEF]: pattern 48444153, patched at: [ (37BC) (1A27) (86) (D) (A1) (6A) ]
40:915  0:000   - [change HECI to IMEI]: pattern 48454349, patched at: [ (D24D) ]
40:916  0:000   - [change SAT0 to SATA]: pattern 53415430, patched at: [ (9A41) (30) (E612) (1602) (4EB) (29) (2E) (2E) (2E) ]
40:916  0:000   - [change _DSM to XDSM]: pattern 5F44534D, patched at: [ (264A) (13B6) (8B) (52) (C7B) (111) (64F) (4B1) (11) (51) (22) (21) (15) (14) (10D) (379) (379) (379) (379) (379) (379) (379) (379) (379) (379) (379) (379) (379) (379) (379) (379) (379) (379) (379) (28A) (1450) (F1) (F1) (F1) (F1) (F1) (DA) (DA) (E8) (131) (131) (2C0) (4AC) (103F) (14A) (A1) (2F) (7D4) (15E2) (1DA2) (5B3) (5B3) (5B3) (5B3) (5B3) (5B3) (5B3) (5B3) (5B3) (5B3) (5B3) (5B3) (5B3) (5B3) (5B3) (5B3) (5B3) (5B3) (5B3) (2648) (10E5) (C9A) (207) (203) (203) (219) (213) (214) (214) (4E8) (917) (91A) (91A) ]
40:916  0:000   - [Change _OSI to XOSI]: pattern 5F4F5349, patched at: [ (E840) (3) (11) (18) (1C) (1C) (1A) (18) (18) (18) (18) (2287) (EE65) ]
40:916  0:000   - [Rename _Q1D]: pattern 5F513144, patched at: [ (202F3) ]
40:916  0:000   - [Rename _Q1C]: pattern 5F513143, patched at: [ (202B0) ]
40:916  0:000   - [Change GPRW to XPRW]: pattern 47505257, patched at: [ (ED98) ]
40:917  0:000   - [Change _PTS to ZPTS]: pattern 5F505453, patched at: [ (DBBD) ]
40:917  0:000  first CPU found at 108CA offset 108CD
40:917  0:000  score candidate at 108C6
40:917  0:000  score inserted in acpi_cpu_score _PR_
40:917  0:000  Found ACPI CPU: CPU0 | CPU1 | CPU2 | CPU3 | CPU4 | CPU5 | CPU6 | CPU7 , within the score: _PR_
40:917  0:000  Found PCIROOTUID = 0
40:917  0:000  Start RTC Fix
40:917  0:000  found RTC Length not match, Maybe will cause CMOS reset will patch it.
40:917  0:000  found RTC had IRQNoFlag will move -3 bytes
40:917  0:000  ...len=23356
40:917  0:000  new size written to D500 shift=0 len=23356
40:917  0:000  len after correct outers 23356
40:917  0:000  Start TMR Fix
40:918  0:000  Start PIC Fix
40:918  0:000  PIC size=A5 at D328
40:918  0:000  found CRS at D33C size 8D
40:918  0:000  found PIC had IRQNoFlag will move -3 bytes
40:918  0:000  Fix Device PIC size -3
40:918  0:000  === [ ACPIDropTables ] ====================================
40:918  0:000  Drop tables from Xsdt, SIGN=SSDT TableID=xh_rvp10 Length=1592
40:918  0:000   Xsdt has tables count=34
40:918  0:000   Table: SSDT  xh_rvp10  1592 dropped
40:918  0:000  Drop tables from Xsdt, SIGN=SSDT TableID=UsbCTabl Length=2889
40:918  0:000   Xsdt has tables count=33
40:918  0:000   Table: SSDT  UsbCTabl  2889 dropped
40:918  0:000  Drop tables from Xsdt, SIGN=MCFG TableID=CB-01    Length=60
40:918  0:000   Xsdt has tables count=32
40:918  0:000   Table: MCFG  CB-01     60 dropped
40:918  0:000  === [ PatchAllSSDT ] ======================================
40:918  0:000  Patch table: SSDT  Tpm2Tabl len=0x4D0
40:918  0:000  0. [change GFX0 to IGPU]: pattern 47465830, bin not found / already patched!
40:918  0:000  1. [change EC0 to EC]: pattern 4543305F, bin not found / already patched!
40:918  0:000  2. [change PNLF to PNLL]: pattern 504E4C46, bin not found / already patched!
40:918  0:000  3. [change HDAS to HDEF]: pattern 48444153, bin not found / already patched!
40:918  0:000  4. [change HECI to IMEI]: pattern 48454349, bin not found / already patched!
40:918  0:000  5. [change SAT0 to SATA]: pattern 53415430, bin not found / already patched!
40:918  0:000  6. [change _DSM to XDSM]: pattern 5F44534D, patched at: [ (432) ]
40:918  0:000  7. [Change _OSI to XOSI]: pattern 5F4F5349, patched at: [ (19B) ]
40:918  0:000  8. [Rename _Q1D]: pattern 5F513144, bin not found / already patched!
40:918  0:000  9. [Rename _Q1C]: pattern 5F513143, bin not found / already patched!
40:918  0:000  10. [Change GPRW to XPRW]: pattern 47505257, bin not found / already patched!
40:918  0:000  11. [Change _PTS to ZPTS]: pattern 5F505453, bin not found / already patched!
40:918  0:000  Patch table: SSDT  MeSsdt  len=0x4B
40:918  0:000  0. [change GFX0 to IGPU]: pattern 47465830, bin not found / already patched!
40:918  0:000  1. [change EC0 to EC]: pattern 4543305F, bin not found / already patched!
40:918  0:000  2. [change PNLF to PNLL]: pattern 504E4C46, bin not found / already patched!
40:918  0:000  3. [change HDAS to HDEF]: pattern 48444153, bin not found / already patched!
40:918  0:000  4. [change HECI to IMEI]: pattern 48454349, bin not found / already patched!
40:918  0:000  5. [change SAT0 to SATA]: pattern 53415430, bin not found / already patched!
40:918  0:000  6. [change _DSM to XDSM]: pattern 5F44534D, bin not found / already patched!
40:918  0:000  7. [Change _OSI to XOSI]: pattern 5F4F5349, bin not found / already patched!
40:918  0:000  8. [Rename _Q1D]: pattern 5F513144, bin not found / already patched!
40:918  0:000  9. [Rename _Q1C]: pattern 5F513143, bin not found / already patched!
40:918  0:000  10. [Change GPRW to XPRW]: pattern 47505257, bin not found / already patched!
40:918  0:000  11. [Change _PTS to ZPTS]: pattern 5F505453, bin not found / already patched!
40:918  0:000  Patch table: SSDT  SaSsdt  len=0x38B2
40:918  0:000  0. [change GFX0 to IGPU]: pattern 47465830, patched at: [ (A48) (1CF7) (A66) (1D) ]
40:918  0:000  1. [change EC0 to EC]: pattern 4543305F, bin not found / already patched!
40:918  0:000  2. [change PNLF to PNLL]: pattern 504E4C46, bin not found / already patched!
40:918  0:000  3. [change HDAS to HDEF]: pattern 48444153, bin not found / already patched!
40:918  0:000  4. [change HECI to IMEI]: pattern 48454349, bin not found / already patched!
40:918  0:000  5. [change SAT0 to SATA]: pattern 53415430, bin not found / already patched!
40:918  0:000  6. [change _DSM to XDSM]: pattern 5F44534D, patched at: [ (33E9) ]
40:918  0:000  7. [Change _OSI to XOSI]: pattern 5F4F5349, patched at: [ (25FE) ]
40:918  0:000  8. [Rename _Q1D]: pattern 5F513144, bin not found / already patched!
40:918  0:000  9. [Rename _Q1C]: pattern 5F513143, bin not found / already patched!
40:918  0:000  10. [Change GPRW to XPRW]: pattern 47505257, bin not found / already patched!
40:918  0:000  11. [Change _PTS to ZPTS]: pattern 5F505453, bin not found / already patched!
40:918  0:000  Patch table: SSDT  PerfTune len=0x5C5
40:918  0:000  0. [change GFX0 to IGPU]: pattern 47465830, bin not found / already patched!
40:918  0:000  1. [change EC0 to EC]: pattern 4543305F, bin not found / already patched!
40:918  0:000  2. [change PNLF to PNLL]: pattern 504E4C46, bin not found / already patched!
40:918  0:000  3. [change HDAS to HDEF]: pattern 48444153, bin not found / already patched!
40:918  0:000  4. [change HECI to IMEI]: pattern 48454349, bin not found / already patched!
40:918  0:000  5. [change SAT0 to SATA]: pattern 53415430, bin not found / already patched!
40:918  0:000  6. [change _DSM to XDSM]: pattern 5F44534D, bin not found / already patched!
40:918  0:000  7. [Change _OSI to XOSI]: pattern 5F4F5349, bin not found / already patched!
40:918  0:000  8. [Rename _Q1D]: pattern 5F513144, bin not found / already patched!
40:918  0:000  9. [Rename _Q1C]: pattern 5F513143, bin not found / already patched!
40:918  0:000  10. [Change GPRW to XPRW]: pattern 47505257, bin not found / already patched!
40:918  0:000  11. [Change _PTS to ZPTS]: pattern 5F505453, bin not found / already patched!
40:918  0:000  Patch table: SSDT  sensrhub len=0x248
40:918  0:000  0. [change GFX0 to IGPU]: pattern 47465830, bin not found / already patched!
40:918  0:000  1. [change EC0 to EC]: pattern 4543305F, bin not found / already patched!
40:918  0:000  2. [change PNLF to PNLL]: pattern 504E4C46, bin not found / already patched!
40:918  0:000  3. [change HDAS to HDEF]: pattern 48444153, bin not found / already patched!
40:918  0:000  4. [change HECI to IMEI]: pattern 48454349, bin not found / already patched!
40:918  0:000  5. [change SAT0 to SATA]: pattern 53415430, bin not found / already patched!
40:918  0:000  6. [change _DSM to XDSM]: pattern 5F44534D, patched at: [ (51) ]
40:918  0:000  7. [Change _OSI to XOSI]: pattern 5F4F5349, bin not found / already patched!
40:918  0:000  8. [Rename _Q1D]: pattern 5F513144, bin not found / already patched!
40:918  0:000  9. [Rename _Q1C]: pattern 5F513143, bin not found / already patched!
40:918  0:000  10. [Change GPRW to XPRW]: pattern 47505257, bin not found / already patched!
40:918  0:000  11. [Change _PTS to ZPTS]: pattern 5F505453, bin not found / already patched!
40:918  0:000  Patch table: SSDT  EInkApp len=0x2D4
40:918  0:000  0. [change GFX0 to IGPU]: pattern 47465830, bin not found / already patched!
40:918  0:000  1. [change EC0 to EC]: pattern 4543305F, bin not found / already patched!
40:918  0:000  2. [change PNLF to PNLL]: pattern 504E4C46, bin not found / already patched!
40:918  0:000  3. [change HDAS to HDEF]: pattern 48444153, bin not found / already patched!
40:918  0:000  4. [change HECI to IMEI]: pattern 48454349, bin not found / already patched!
40:918  0:000  5. [change SAT0 to SATA]: pattern 53415430, bin not found / already patched!
40:918  0:000  6. [change _DSM to XDSM]: pattern 5F44534D, patched at: [ (60) ]
40:918  0:000  7. [Change _OSI to XOSI]: pattern 5F4F5349, bin not found / already patched!
40:918  0:000  8. [Rename _Q1D]: pattern 5F513144, bin not found / already patched!
40:918  0:000  9. [Rename _Q1C]: pattern 5F513143, bin not found / already patched!
40:918  0:000  10. [Change GPRW to XPRW]: pattern 47505257, bin not found / already patched!
40:918  0:000  11. [Change _PTS to ZPTS]: pattern 5F505453, bin not found / already patched!
40:918  0:000  Patch table: SSDT  PtidDevc len=0x2BAE
40:918  0:000  0. [change GFX0 to IGPU]: pattern 47465830, bin not found / already patched!
40:918  0:000  1. [change EC0 to EC]: pattern 4543305F, bin not found / already patched!
40:918  0:000  2. [change PNLF to PNLL]: pattern 504E4C46, bin not found / already patched!
40:918  0:000  3. [change HDAS to HDEF]: pattern 48444153, bin not found / already patched!
40:918  0:000  4. [change HECI to IMEI]: pattern 48454349, bin not found / already patched!
40:918  0:000  5. [change SAT0 to SATA]: pattern 53415430, bin not found / already patched!
40:918  0:000  6. [change _DSM to XDSM]: pattern 5F44534D, bin not found / already patched!
40:918  0:000  7. [Change _OSI to XOSI]: pattern 5F4F5349, bin not found / already patched!
40:918  0:000  8. [Rename _Q1D]: pattern 5F513144, bin not found / already patched!
40:918  0:000  9. [Rename _Q1C]: pattern 5F513143, bin not found / already patched!
40:918  0:000  10. [Change GPRW to XPRW]: pattern 47505257, bin not found / already patched!
40:918  0:000  11. [Change _PTS to ZPTS]: pattern 5F505453, bin not found / already patched!
40:919  0:000  Patch table: SSDT  Sata0Ide len=0x19A
40:919  0:000  0. [change GFX0 to IGPU]: pattern 47465830, bin not found / already patched!
40:919  0:000  1. [change EC0 to EC]: pattern 4543305F, bin not found / already patched!
40:919  0:000  2. [change PNLF to PNLL]: pattern 504E4C46, bin not found / already patched!
40:919  0:000  3. [change HDAS to HDEF]: pattern 48444153, bin not found / already patched!
40:919  0:000  4. [change HECI to IMEI]: pattern 48454349, bin not found / already patched!
40:919  0:000  5. [change SAT0 to SATA]: pattern 53415430, patched at: [ (1E) ]
40:919  0:000  6. [change _DSM to XDSM]: pattern 5F44534D, bin not found / already patched!
40:919  0:000  7. [Change _OSI to XOSI]: pattern 5F4F5349, bin not found / already patched!
40:919  0:000  8. [Rename _Q1D]: pattern 5F513144, bin not found / already patched!
40:919  0:000  9. [Rename _Q1C]: pattern 5F513143, bin not found / already patched!
40:919  0:000  10. [Change GPRW to XPRW]: pattern 47505257, bin not found / already patched!
40:919  0:000  11. [Change _PTS to ZPTS]: pattern 5F505453, bin not found / already patched!
40:919  0:000  Patch table: SSDT  zpodd len=0x4A3
40:919  0:000  0. [change GFX0 to IGPU]: pattern 47465830, bin not found / already patched!
40:919  0:000  1. [change EC0 to EC]: pattern 4543305F, bin not found / already patched!
40:919  0:000  2. [change PNLF to PNLL]: pattern 504E4C46, bin not found / already patched!
40:919  0:000  3. [change HDAS to HDEF]: pattern 48444153, bin not found / already patched!
40:919  0:000  4. [change HECI to IMEI]: pattern 48454349, bin not found / already patched!
40:919  0:000  5. [change SAT0 to SATA]: pattern 53415430, patched at: [ (2A) (1FA) (258) ]
40:919  0:000  6. [change _DSM to XDSM]: pattern 5F44534D, patched at: [ (35) (1FA) ]
40:919  0:000  7. [Change _OSI to XOSI]: pattern 5F4F5349, bin not found / already patched!
40:919  0:000  8. [Rename _Q1D]: pattern 5F513144, bin not found / already patched!
40:919  0:000  9. [Rename _Q1C]: pattern 5F513143, bin not found / already patched!
40:919  0:000  10. [Change GPRW to XPRW]: pattern 47505257, bin not found / already patched!
40:919  0:000  11. [Change _PTS to ZPTS]: pattern 5F505453, bin not found / already patched!
40:919  0:000  Patch table: SSDT  Cpu0Ist len=0x579
40:919  0:000  0. [change GFX0 to IGPU]: pattern 47465830, bin not found / already patched!
40:919  0:000  1. [change EC0 to EC]: pattern 4543305F, bin not found / already patched!
40:919  0:000  2. [change PNLF to PNLL]: pattern 504E4C46, bin not found / already patched!
40:919  0:000  3. [change HDAS to HDEF]: pattern 48444153, bin not found / already patched!
40:919  0:000  4. [change HECI to IMEI]: pattern 48454349, bin not found / already patched!
40:919  0:000  5. [change SAT0 to SATA]: pattern 53415430, bin not found / already patched!
40:919  0:000  6. [change _DSM to XDSM]: pattern 5F44534D, bin not found / already patched!
40:919  0:000  7. [Change _OSI to XOSI]: pattern 5F4F5349, bin not found / already patched!
40:919  0:000  8. [Rename _Q1D]: pattern 5F513144, bin not found / already patched!
40:919  0:000  9. [Rename _Q1C]: pattern 5F513143, bin not found / already patched!
40:919  0:000  10. [Change GPRW to XPRW]: pattern 47505257, bin not found / already patched!
40:919  0:000  11. [Change _PTS to ZPTS]: pattern 5F505453, bin not found / already patched!
40:919  0:000  Patch table: SSDT  CpuSsdt len=0xE73
40:919  0:000  0. [change GFX0 to IGPU]: pattern 47465830, bin not found / already patched!
40:919  0:000  1. [change EC0 to EC]: pattern 4543305F, bin not found / already patched!
40:919  0:000  2. [change PNLF to PNLL]: pattern 504E4C46, bin not found / already patched!
40:919  0:000  3. [change HDAS to HDEF]: pattern 48444153, bin not found / already patched!
40:919  0:000  4. [change HECI to IMEI]: pattern 48454349, bin not found / already patched!
40:919  0:000  5. [change SAT0 to SATA]: pattern 53415430, bin not found / already patched!
40:919  0:000  6. [change _DSM to XDSM]: pattern 5F44534D, bin not found / already patched!
40:919  0:000  7. [Change _OSI to XOSI]: pattern 5F4F5349, bin not found / already patched!
40:919  0:000  8. [Rename _Q1D]: pattern 5F513144, bin not found / already patched!
40:919  0:000  9. [Rename _Q1C]: pattern 5F513143, bin not found / already patched!
40:919  0:000  10. [Change GPRW to XPRW]: pattern 47505257, bin not found / already patched!
40:919  0:000  11. [Change _PTS to ZPTS]: pattern 5F505453, bin not found / already patched!
40:919  0:000  Patch table: SSDT  NvOptTbl len=0x10CD
40:919  0:000  0. [change GFX0 to IGPU]: pattern 47465830, bin not found / already patched!
40:919  0:000  1. [change EC0 to EC]: pattern 4543305F, patched at: [ (A56) (146) ]
40:919  0:000  2. [change PNLF to PNLL]: pattern 504E4C46, bin not found / already patched!
40:919  0:000  3. [change HDAS to HDEF]: pattern 48444153, bin not found / already patched!
40:919  0:000  4. [change HECI to IMEI]: pattern 48454349, bin not found / already patched!
40:919  0:000  5. [change SAT0 to SATA]: pattern 53415430, bin not found / already patched!
40:919  0:000  6. [change _DSM to XDSM]: pattern 5F44534D, patched at: [ (FAA) (6F) ]
40:919  0:000  7. [Change _OSI to XOSI]: pattern 5F4F5349, bin not found / already patched!
40:919  0:000  8. [Rename _Q1D]: pattern 5F513144, bin not found / already patched!
40:919  0:000  9. [Rename _Q1C]: pattern 5F513143, bin not found / already patched!
40:919  0:000  10. [Change GPRW to XPRW]: pattern 47505257, bin not found / already patched!
40:919  0:000  11. [Change _PTS to ZPTS]: pattern 5F505453, bin not found / already patched!
40:919  0:000  Patch table: SSDT  SgPeg len=0x3DA
40:919  0:000  0. [change GFX0 to IGPU]: pattern 47465830, bin not found / already patched!
40:919  0:000  1. [change EC0 to EC]: pattern 4543305F, bin not found / already patched!
40:919  0:000  2. [change PNLF to PNLL]: pattern 504E4C46, bin not found / already patched!
40:919  0:000  3. [change HDAS to HDEF]: pattern 48444153, bin not found / already patched!
40:919  0:000  4. [change HECI to IMEI]: pattern 48454349, bin not found / already patched!
40:919  0:000  5. [change SAT0 to SATA]: pattern 53415430, bin not found / already patched!
40:919  0:000  6. [change _DSM to XDSM]: pattern 5F44534D, bin not found / already patched!
40:919  0:000  7. [Change _OSI to XOSI]: pattern 5F4F5349, bin not found / already patched!
40:919  0:000  8. [Rename _Q1D]: pattern 5F513144, bin not found / already patched!
40:919  0:000  9. [Rename _Q1C]: pattern 5F513143, bin not found / already patched!
40:919  0:000  10. [Change GPRW to XPRW]: pattern 47505257, bin not found / already patched!
40:919  0:000  11. [Change _PTS to ZPTS]: pattern 5F505453, bin not found / already patched!
40:919  0:000  Drop tables from Xsdt, SIGN=XXXX TableID= Length=0
40:919  0:000   Xsdt has tables count=31
40:919  0:000  === [ ACPIPatchedAML ] ====================================
40:919  0:000  Sorted
40:919  0:000  Inserting table[0]:SSDT-DGPU.aml from EFI\CLOVER\ACPI\patched ... Success
40:922  0:002  Inserting table[1]:SSDT-ALC235.aml from EFI\CLOVER\ACPI\patched ... Success
40:922  0:000  Inserting table[2]:SSDT-Config.aml from EFI\CLOVER\ACPI\patched ... Success
40:922  0:000  Inserting table[3]:SSDT-USB.aml from EFI\CLOVER\ACPI\patched ... Success
40:922  0:000  Inserting table[4]:SSDT-PNLF.aml from EFI\CLOVER\ACPI\patched ... Success
40:923  0:000  Inserting table[5]:SSDT-ALS0.aml from EFI\CLOVER\ACPI\patched ... Success
40:923  0:000  Inserting table[6]:SSDT-DMAC.aml from EFI\CLOVER\ACPI\patched ... Success
40:923  0:000  Inserting table[7]:SSDT-MCHC.aml from EFI\CLOVER\ACPI\patched ... Success
40:924  0:000  Inserting table[8]:SSDT-MEM2.aml from EFI\CLOVER\ACPI\patched ... Success
40:925  0:001  Inserting table[9]:SSDT-PMCR.aml from EFI\CLOVER\ACPI\patched ... Success
40:926  0:001  Inserting table[10]:SSDT-SMBUS.aml from EFI\CLOVER\ACPI\patched ... Success
40:926  0:000  Inserting table[11]:SSDT-XOSI.aml from EFI\CLOVER\ACPI\patched ... Success
40:926  0:000  Inserting table[12]:SSDT-HDEF.aml from EFI\CLOVER\ACPI\patched ... Success
40:926  0:000  Inserting table[13]:SSDT-PTS.aml from EFI\CLOVER\ACPI\patched ... Success
40:926  0:000  Inserting table[14]:SSDT-KBD0.aml from EFI\CLOVER\ACPI\patched ... Success
40:926  0:000  Inserting table[15]:SSDT-PRW.aml from EFI\CLOVER\ACPI\patched ... Success
40:926  0:000  Inserting table[16]:SSDT-SATA.aml from EFI\CLOVER\ACPI\patched ... Success
40:926  0:000  Inserting table[17]:SSDT-IGPU.aml from EFI\CLOVER\ACPI\patched ... Success
40:926  0:000  CPUBase=0 and ApicCPUBase=1 ApicCPUNum=8
40:926  0:000  Maximum control=0x17
40:926  0:000  Turbo control=0x20
40:926  0:000  P-States: min 0x8, max 0x20
40:926  0:000  SSDT with plugin-type without P-States is generated
40:926  0:000  SSDT with CPU C-States generated successfully
40:926  0:000  === [ RestSetup macOS ] ===================================
40:926  0:000  EdidDiscovered size=128
40:926  0:000  ------- EDID Table
40:926  0:000  000  |  00  FF  FF  FF  FF  FF  FF  00  30  E4
40:926  0:000  010  |  A7  04  00  00  00  00  00  19  01  04
40:926  0:000  020  |  95  22  13  78  EA  A1  C5  94  59  57
40:926  0:000  030  |  8F  27  20  50  54  00  00  00  01  01
40:926  0:000  040  |  01  01  01  01  01  01  01  01  01  01
40:926  0:000  050  |  01  01  01  01  2E  36  80  A0  70  38
40:926  0:000  060  |  1F  40  30  20  35  00  58  C2  10  00
40:926  0:000  070  |  00  1A  00  00  00  00  00  00  00  00
40:926  0:000  080  |  00  00  00  00  00  00  00  00  00  00
40:926  0:000  090  |  00  00  00  FE  00  4C  47  20  44  69
40:926  0:000  100  |  73  70  6C  61  79  0A  20  20  00  00
40:926  0:000  110  |  00  FE  00  4C  50  31  35  36  57  46
40:926  0:000  120  |  36  2D  53  50  4B  31  00  4F
40:926  0:000  Intel HD Graphics 530 [8086:191B] :: PciRoot(0x0)\Pci(0x2,0x0)
40:926  0:000    Found Full HD Display - 16:9 :: Width=1920 Height=1080
40:926  0:000    Beginning DualLink auto-detection
40:926  0:000    High Resolution Display
40:926  0:000    AAPL00,DualLink = 1
40:926  0:000    FakeID Intel GFX: not set
40:926  0:000    ig-platform-id: not set
40:926  0:000    Beginning Intel GFX auto-detection with ACPI injection
40:926  0:000    Found FakeID Intel GFX = 0x191B8086
40:926  0:000    Found ig-platform-id = 0x191B0000
40:926  0:000  Intel GFX revision  = 0x6
40:927  0:000   RCBA disabled; cannot use it
41:344  0:417   codec not detected
41:344  0:000  stringlength = 2398
41:344  0:000  CurrentMode: Width=1920 Height=1080
41:344  0:000  Beginning FSInjection
FSInjectionInstall ...
- Our FSI_SIMPLE_FILE_SYSTEM_PROTOCOL installed on handle: 90F74D98
FSInjectionInstall ...
- Our FSI_SIMPLE_FILE_SYSTEM_PROTOCOL installed on handle: 90F74D98
41:344  0:000  Use origin smbios table type 1 guid.
41:347  0:002  Preparing kexts injection for arch=x86_64 from EFI\CLOVER\kexts\Other
41:347  0:000  Extra kext: EFI\CLOVER\kexts\Other\FakeSMC_LPCSensors.kext
41:371  0:024  Extra kext: EFI\CLOVER\kexts\Other\FakeSMC_GPUSensors.kext
41:375  0:003  Extra kext: EFI\CLOVER\kexts\Other\FakeSMC_CPUSensors.kext
41:376  0:001  Extra kext: EFI\CLOVER\kexts\Other\FakeSMC_ACPISensors.kext
41:380  0:004  Extra kext: EFI\CLOVER\kexts\Other\AppleBacklightInjector.kext
41:383  0:002  Extra kext: EFI\CLOVER\kexts\Other\FakeSMC.kext
41:389  0:005  Extra kext: EFI\CLOVER\kexts\Other\IntelGraphicsFixup.kext
41:392  0:003  Extra kext: EFI\CLOVER\kexts\Other\Shiki.kext
41:394  0:002  Extra kext: EFI\CLOVER\kexts\Other\EAPDFix.kext
41:399  0:004  Extra kext: EFI\CLOVER\kexts\Other\USBInjectAll.kext
41:560  0:161  Extra kext: EFI\CLOVER\kexts\Other\BT4LEContiunityFixup.kext
41:564  0:003  Extra kext: EFI\CLOVER\kexts\Other\RealtekRTL8111.kext
41:570  0:006  Extra kext: EFI\CLOVER\kexts\Other\IntelGraphicsDVMTFixup.kext
41:577  0:006  Extra kext: EFI\CLOVER\kexts\Other\FakePCIID.kext
41:582  0:005  Extra kext: EFI\CLOVER\kexts\Other\FakePCIID_Intel_HDMI_Audio.kext
41:587  0:005  Extra kext: EFI\CLOVER\kexts\Other\AppleALC.kext
41:593  0:005    |-- PlugIn kext: EFI\CLOVER\kexts\Other\AppleALC.kext\Contents\PlugIns\PinConfigs.kext
41:596  0:003  Extra kext: EFI\CLOVER\kexts\Other\AirportBrcmFixup.kext
41:602  0:006  Extra kext: EFI\CLOVER\kexts\Other\HibernationFixup.kext
41:608  0:005  Extra kext: EFI\CLOVER\kexts\Other\FakePCIID_Broadcom_WiFi.kext
41:612  0:004  Extra kext: EFI\CLOVER\kexts\Other\Lilu.kext
41:618  0:005  Extra kext: EFI\CLOVER\kexts\Other\ACPIBatteryManager.kext
41:625  0:007  Custom boot is disabled
41:625  0:000  Closing log
